Arguments: 
  /Users/harry_mbp/.nvm/versions/node/v14.15.0/bin/node /Users/harry_mbp/.yarn/bin/yarn.js add commitizen cz-emoji-chinese -D

PATH: 
  /Users/harry_mbp/.yarn/bin:/Users/harry_mbp/.config/yarn/global/node_modules/.bin:/usr/local/sbin:/Users/harry_mbp/.nvm/versions/node/v14.15.0/bin:/usr/local/anaconda3/bin:/opt/local/bin:/opt/local/sbin:/Library/Frameworks/Python.framework/Versions/3.8/bin:/usr/local/bin:/usr/bin:/bin:/usr/sbin:/sbin:/usr/local/aria2/bin:/Library/Apple/usr/bin

Yarn version: 
  1.22.5

Node version: 
  14.15.0

Platform: 
  darwin x64

Trace: 
  SyntaxError: /Users/harry_mbp/Code/github/improved-robot/package.json: Unexpected token 
   in JSON at position 212
      at JSON.parse (<anonymous>)
      at /Users/harry_mbp/.yarn/lib/cli.js:1625:59
      at Generator.next (<anonymous>)
      at step (/Users/harry_mbp/.yarn/lib/cli.js:310:30)
      at /Users/harry_mbp/.yarn/lib/cli.js:321:13

npm manifest: 
  {
    "name": "improved-robot",
    "version": "1.0.0",
    "main": "index.js",
    "repository": "git@github.com:HarrylXue/improved-robot.git",
    "author": "Harry <svip.harry@gmail.com>",
    "license": "MIT",
    "config:{
       "cz-emoji-chinese":{
  	"symbol":true
      }
    }	
  }

yarn manifest: 
  No manifest

Lockfile: 
  No lockfile
